c:\projects\nullcoreengine\x64\release\nullcoreengine.pdb
c:\projects\nullcoreengine\nullcoreengine\x64\release\windowswindow.obj
c:\projects\nullcoreengine\nullcoreengine\x64\release\windowsinput.obj
c:\projects\nullcoreengine\nullcoreengine\x64\release\openglvertexarray.obj
c:\projects\nullcoreengine\nullcoreengine\x64\release\opengltexture.obj
c:\projects\nullcoreengine\nullcoreengine\x64\release\openglrendererapi.obj
c:\projects\nullcoreengine\nullcoreengine\x64\release\openglbuffer.obj
c:\projects\nullcoreengine\nullcoreengine\x64\release\sceneserializer.obj
c:\projects\nullcoreengine\nullcoreengine\x64\release\scene.obj
c:\projects\nullcoreengine\nullcoreengine\x64\release\entity.obj
c:\projects\nullcoreengine\nullcoreengine\x64\release\shader.obj
c:\projects\nullcoreengine\nullcoreengine\x64\release\rendererapi.obj
c:\projects\nullcoreengine\nullcoreengine\x64\release\renderer.obj
c:\projects\nullcoreengine\nullcoreengine\x64\release\rendercommand.obj
c:\projects\nullcoreengine\nullcoreengine\x64\release\camera.obj
c:\projects\nullcoreengine\nullcoreengine\x64\release\uuid.obj
c:\projects\nullcoreengine\nullcoreengine\x64\release\log.obj
c:\projects\nullcoreengine\nullcoreengine\x64\release\layerstack.obj
c:\projects\nullcoreengine\nullcoreengine\x64\release\core.obj
c:\projects\nullcoreengine\nullcoreengine\x64\release\application.obj
c:\projects\nullcoreengine\nullcoreengine\x64\release\nullcorepch.obj
c:\projects\nullcoreengine\nullcoreengine\x64\release\event.h.ifc
c:\projects\nullcoreengine\nullcoreengine\x64\release\event.h.ifc.d.json
c:\projects\nullcoreengine\nullcoreengine\x64\release\event.h.obj
c:\projects\nullcoreengine\nullcoreengine\x64\release\openglvertexarray.h.ifc
c:\projects\nullcoreengine\nullcoreengine\x64\release\openglvertexarray.h.ifc.d.json
c:\projects\nullcoreengine\nullcoreengine\x64\release\openglvertexarray.h.obj
c:\projects\nullcoreengine\nullcoreengine\x64\release\glad.obj
c:\projects\nullcoreengine\x64\release\nullcoreengine.lib
c:\projects\nullcoreengine\nullcoreengine\x64\release\openglvertexarray.h.module.json
c:\projects\nullcoreengine\nullcoreengine\x64\release\event.h.module.json
c:\projects\nullcoreengine\nullcoreengine\x64\release\nullcoreengine.tlog\cl.command.1.tlog
c:\projects\nullcoreengine\nullcoreengine\x64\release\nullcoreengine.tlog\cl.items.tlog
c:\projects\nullcoreengine\nullcoreengine\x64\release\nullcoreengine.tlog\cl.read.1.tlog
c:\projects\nullcoreengine\nullcoreengine\x64\release\nullcoreengine.tlog\cl.write.1.tlog
c:\projects\nullcoreengine\nullcoreengine\x64\release\nullcoreengine.tlog\lib-link.read.1.tlog
c:\projects\nullcoreengine\nullcoreengine\x64\release\nullcoreengine.tlog\lib-link.write.1.tlog
c:\projects\nullcoreengine\nullcoreengine\x64\release\nullcoreengine.tlog\lib.command.1.tlog
c:\projects\nullcoreengine\nullcoreengine\x64\release\nullcoreengine_md.tlog\cl.command.1.tlog
c:\projects\nullcoreengine\nullcoreengine\x64\release\nullcoreengine_md.tlog\microsoft.build.cpptasks.cl.read.1.tlog
c:\projects\nullcoreengine\nullcoreengine\x64\release\nullcoreengine_md.tlog\microsoft.build.cpptasks.cl.write.1.tlog
