  NullcoreEngine.cpp
  NullcorePCH.cpp
  Application.cpp
C:\Projects\NullcoreEngine\src\Nullcore\Core\Core.h(3,9): warning C4005: NC_PLATFORM_WINDOWS: изменение макроопределения
  (compiling source file 'src/Nullcore/Core/Application.cpp')
      C:\Projects\NullcoreEngine\src\Nullcore\Core\Core.h(3,9):
      "NC_PLATFORM_WINDOWS" ранее объявлен в командной строке
  
  Core.cpp
C:\Projects\NullcoreEngine\src\Nullcore\Core\Core.cpp(3,9): warning C4005: NC_PLATFORM_WINDOWS: изменение макроопределения
      C:\Projects\NullcoreEngine\src\Nullcore\Core\Core.cpp(3,9):
      "NC_PLATFORM_WINDOWS" ранее объявлен в командной строке
  
  Log.cpp
C:\Projects\NullcoreEngine\src\Nullcore\Core\Core.h(3,9): warning C4005: NC_PLATFORM_WINDOWS: изменение макроопределения
  (compiling source file 'src/Nullcore/Core/Log.cpp')
      C:\Projects\NullcoreEngine\src\Nullcore\Core\Core.h(3,9):
      "NC_PLATFORM_WINDOWS" ранее объявлен в командной строке
  
  WindowsWindow.cpp
C:\Projects\NullcoreEngine\src\Nullcore\Core\Core.h(3,9): warning C4005: NC_PLATFORM_WINDOWS: изменение макроопределения
  (compiling source file 'src/Platform/Windows/WindowsWindow.cpp')
      C:\Projects\NullcoreEngine\src\Nullcore\Core\Core.h(3,9):
      "NC_PLATFORM_WINDOWS" ранее объявлен в командной строке
  
  Создание кода...
  glad.c
glfw3dll.lib(glfw3.dll) : warning LNK4006: glfwWindowShouldClose уже определен в glfw3.lib(window.obj); второе определение пропущено
glfw3dll.lib(glfw3.dll) : warning LNK4006: glfwWindowHintString уже определен в glfw3.lib(window.obj); второе определение пропущено
glfw3dll.lib(glfw3.dll) : warning LNK4006: glfwWindowHint уже определен в glfw3.lib(window.obj); второе определение пропущено
glfw3dll.lib(glfw3.dll) : warning LNK4006: glfwWaitEventsTimeout уже определен в glfw3.lib(window.obj); второе определение пропущено
glfw3dll.lib(glfw3.dll) : warning LNK4006: glfwWaitEvents уже определен в glfw3.lib(window.obj); второе определение пропущено
glfw3dll.lib(glfw3.dll) : warning LNK4006: glfwVulkanSupported уже определен в glfw3.lib(vulkan.obj); второе определение пропущено
glfw3dll.lib(glfw3.dll) : warning LNK4006: glfwUpdateGamepadMappings уже определен в glfw3.lib(input.obj); второе определение пропущено
glfw3dll.lib(glfw3.dll) : warning LNK4006: glfwTerminate уже определен в glfw3.lib(init.obj); второе определение пропущено
glfw3dll.lib(glfw3.dll) : warning LNK4006: glfwSwapInterval уже определен в glfw3.lib(context.obj); второе определение пропущено
glfw3dll.lib(glfw3.dll) : warning LNK4006: glfwSwapBuffers уже определен в glfw3.lib(context.obj); второе определение пропущено
glfw3dll.lib(glfw3.dll) : warning LNK4006: glfwShowWindow уже определен в glfw3.lib(window.obj); второе определение пропущено
glfw3dll.lib(glfw3.dll) : warning LNK4006: glfwSetWindowUserPointer уже определен в glfw3.lib(window.obj); второе определение пропущено
glfw3dll.lib(glfw3.dll) : warning LNK4006: glfwSetWindowTitle уже определен в glfw3.lib(window.obj); второе определение пропущено
glfw3dll.lib(glfw3.dll) : warning LNK4006: glfwSetWindowSizeLimits уже определен в glfw3.lib(window.obj); второе определение пропущено
glfw3dll.lib(glfw3.dll) : warning LNK4006: glfwSetWindowSizeCallback уже определен в glfw3.lib(window.obj); второе определение пропущено
glfw3dll.lib(glfw3.dll) : warning LNK4006: glfwSetWindowSize уже определен в glfw3.lib(window.obj); второе определение пропущено
glfw3dll.lib(glfw3.dll) : warning LNK4006: glfwSetWindowShouldClose уже определен в glfw3.lib(window.obj); второе определение пропущено
glfw3dll.lib(glfw3.dll) : warning LNK4006: glfwSetWindowRefreshCallback уже определен в glfw3.lib(window.obj); второе определение пропущено
glfw3dll.lib(glfw3.dll) : warning LNK4006: glfwSetWindowPosCallback уже определен в glfw3.lib(window.obj); второе определение пропущено
glfw3dll.lib(glfw3.dll) : warning LNK4006: glfwSetWindowPos уже определен в glfw3.lib(window.obj); второе определение пропущено
glfw3dll.lib(glfw3.dll) : warning LNK4006: glfwSetWindowOpacity уже определен в glfw3.lib(window.obj); второе определение пропущено
glfw3dll.lib(glfw3.dll) : warning LNK4006: glfwSetWindowMonitor уже определен в glfw3.lib(window.obj); второе определение пропущено
glfw3dll.lib(glfw3.dll) : warning LNK4006: glfwSetWindowMaximizeCallback уже определен в glfw3.lib(window.obj); второе определение пропущено
glfw3dll.lib(glfw3.dll) : warning LNK4006: glfwSetWindowIconifyCallback уже определен в glfw3.lib(window.obj); второе определение пропущено
glfw3dll.lib(glfw3.dll) : warning LNK4006: glfwSetWindowIcon уже определен в glfw3.lib(window.obj); второе определение пропущено
glfw3dll.lib(glfw3.dll) : warning LNK4006: glfwSetWindowFocusCallback уже определен в glfw3.lib(window.obj); второе определение пропущено
glfw3dll.lib(glfw3.dll) : warning LNK4006: glfwSetWindowContentScaleCallback уже определен в glfw3.lib(window.obj); второе определение пропущено
glfw3dll.lib(glfw3.dll) : warning LNK4006: glfwSetWindowCloseCallback уже определен в glfw3.lib(window.obj); второе определение пропущено
glfw3dll.lib(glfw3.dll) : warning LNK4006: glfwSetWindowAttrib уже определен в glfw3.lib(window.obj); второе определение пропущено
glfw3dll.lib(glfw3.dll) : warning LNK4006: glfwSetWindowAspectRatio уже определен в glfw3.lib(window.obj); второе определение пропущено
glfw3dll.lib(glfw3.dll) : warning LNK4006: glfwSetTime уже определен в glfw3.lib(input.obj); второе определение пропущено
glfw3dll.lib(glfw3.dll) : warning LNK4006: glfwSetScrollCallback уже определен в glfw3.lib(input.obj); второе определение пропущено
glfw3dll.lib(glfw3.dll) : warning LNK4006: glfwSetMouseButtonCallback уже определен в glfw3.lib(input.obj); второе определение пропущено
glfw3dll.lib(glfw3.dll) : warning LNK4006: glfwSetMonitorUserPointer уже определен в glfw3.lib(monitor.obj); второе определение пропущено
glfw3dll.lib(glfw3.dll) : warning LNK4006: glfwSetMonitorCallback уже определен в glfw3.lib(monitor.obj); второе определение пропущено
glfw3dll.lib(glfw3.dll) : warning LNK4006: glfwSetKeyCallback уже определен в glfw3.lib(input.obj); второе определение пропущено
glfw3dll.lib(glfw3.dll) : warning LNK4006: glfwSetJoystickUserPointer уже определен в glfw3.lib(input.obj); второе определение пропущено
glfw3dll.lib(glfw3.dll) : warning LNK4006: glfwSetJoystickCallback уже определен в glfw3.lib(input.obj); второе определение пропущено
glfw3dll.lib(glfw3.dll) : warning LNK4006: glfwSetInputMode уже определен в glfw3.lib(input.obj); второе определение пропущено
glfw3dll.lib(glfw3.dll) : warning LNK4006: glfwSetGammaRamp уже определен в glfw3.lib(monitor.obj); второе определение пропущено
glfw3dll.lib(glfw3.dll) : warning LNK4006: glfwSetGamma уже определен в glfw3.lib(monitor.obj); второе определение пропущено
glfw3dll.lib(glfw3.dll) : warning LNK4006: glfwSetFramebufferSizeCallback уже определен в glfw3.lib(window.obj); второе определение пропущено
glfw3dll.lib(glfw3.dll) : warning LNK4006: glfwSetErrorCallback уже определен в glfw3.lib(init.obj); второе определение пропущено
glfw3dll.lib(glfw3.dll) : warning LNK4006: glfwSetDropCallback уже определен в glfw3.lib(input.obj); второе определение пропущено
glfw3dll.lib(glfw3.dll) : warning LNK4006: glfwSetCursorPosCallback уже определен в glfw3.lib(input.obj); второе определение пропущено
glfw3dll.lib(glfw3.dll) : warning LNK4006: glfwSetCursorPos уже определен в glfw3.lib(input.obj); второе определение пропущено
glfw3dll.lib(glfw3.dll) : warning LNK4006: glfwSetCursorEnterCallback уже определен в glfw3.lib(input.obj); второе определение пропущено
glfw3dll.lib(glfw3.dll) : warning LNK4006: glfwSetCursor уже определен в glfw3.lib(input.obj); второе определение пропущено
glfw3dll.lib(glfw3.dll) : warning LNK4006: glfwSetClipboardString уже определен в glfw3.lib(input.obj); второе определение пропущено
glfw3dll.lib(glfw3.dll) : warning LNK4006: glfwSetCharModsCallback уже определен в glfw3.lib(input.obj); второе определение пропущено
glfw3dll.lib(glfw3.dll) : warning LNK4006: glfwSetCharCallback уже определен в glfw3.lib(input.obj); второе определение пропущено
glfw3dll.lib(glfw3.dll) : warning LNK4006: glfwRestoreWindow уже определен в glfw3.lib(window.obj); второе определение пропущено
glfw3dll.lib(glfw3.dll) : warning LNK4006: glfwRequestWindowAttention уже определен в glfw3.lib(window.obj); второе определение пропущено
glfw3dll.lib(glfw3.dll) : warning LNK4006: glfwRawMouseMotionSupported уже определен в glfw3.lib(input.obj); второе определение пропущено
glfw3dll.lib(glfw3.dll) : warning LNK4006: glfwPostEmptyEvent уже определен в glfw3.lib(window.obj); второе определение пропущено
glfw3dll.lib(glfw3.dll) : warning LNK4006: glfwPollEvents уже определен в glfw3.lib(window.obj); второе определение пропущено
glfw3dll.lib(glfw3.dll) : warning LNK4006: glfwPlatformSupported уже определен в glfw3.lib(platform.obj); второе определение пропущено
glfw3dll.lib(glfw3.dll) : warning LNK4006: glfwMaximizeWindow уже определен в glfw3.lib(window.obj); второе определение пропущено
glfw3dll.lib(glfw3.dll) : warning LNK4006: glfwMakeContextCurrent уже определен в glfw3.lib(context.obj); второе определение пропущено
glfw3dll.lib(glfw3.dll) : warning LNK4006: glfwJoystickPresent уже определен в glfw3.lib(input.obj); второе определение пропущено
glfw3dll.lib(glfw3.dll) : warning LNK4006: glfwJoystickIsGamepad уже определен в glfw3.lib(input.obj); второе определение пропущено
glfw3dll.lib(glfw3.dll) : warning LNK4006: glfwInitVulkanLoader уже определен в glfw3.lib(init.obj); второе определение пропущено
glfw3dll.lib(glfw3.dll) : warning LNK4006: glfwInitHint уже определен в glfw3.lib(init.obj); второе определение пропущено
glfw3dll.lib(glfw3.dll) : warning LNK4006: glfwInitAllocator уже определен в glfw3.lib(init.obj); второе определение пропущено
glfw3dll.lib(glfw3.dll) : warning LNK4006: glfwInit уже определен в glfw3.lib(init.obj); второе определение пропущено
glfw3dll.lib(glfw3.dll) : warning LNK4006: glfwIconifyWindow уже определен в glfw3.lib(window.obj); второе определение пропущено
glfw3dll.lib(glfw3.dll) : warning LNK4006: glfwHideWindow уже определен в glfw3.lib(window.obj); второе определение пропущено
glfw3dll.lib(glfw3.dll) : warning LNK4006: glfwGetWindowUserPointer уже определен в glfw3.lib(window.obj); второе определение пропущено
glfw3dll.lib(glfw3.dll) : warning LNK4006: glfwGetWindowTitle уже определен в glfw3.lib(window.obj); второе определение пропущено
glfw3dll.lib(glfw3.dll) : warning LNK4006: glfwGetWindowSize уже определен в glfw3.lib(window.obj); второе определение пропущено
glfw3dll.lib(glfw3.dll) : warning LNK4006: glfwGetWindowPos уже определен в glfw3.lib(window.obj); второе определение пропущено
glfw3dll.lib(glfw3.dll) : warning LNK4006: glfwGetWindowOpacity уже определен в glfw3.lib(window.obj); второе определение пропущено
glfw3dll.lib(glfw3.dll) : warning LNK4006: glfwGetWindowMonitor уже определен в glfw3.lib(window.obj); второе определение пропущено
glfw3dll.lib(glfw3.dll) : warning LNK4006: glfwGetWindowFrameSize уже определен в glfw3.lib(window.obj); второе определение пропущено
glfw3dll.lib(glfw3.dll) : warning LNK4006: glfwGetWindowContentScale уже определен в glfw3.lib(window.obj); второе определение пропущено
glfw3dll.lib(glfw3.dll) : warning LNK4006: glfwGetWindowAttrib уже определен в glfw3.lib(window.obj); второе определение пропущено
glfw3dll.lib(glfw3.dll) : warning LNK4006: glfwGetWin32Window уже определен в glfw3.lib(win32_window.obj); второе определение пропущено
glfw3dll.lib(glfw3.dll) : warning LNK4006: glfwGetWin32Monitor уже определен в glfw3.lib(win32_monitor.obj); второе определение пропущено
glfw3dll.lib(glfw3.dll) : warning LNK4006: glfwGetWin32Adapter уже определен в glfw3.lib(win32_monitor.obj); второе определение пропущено
glfw3dll.lib(glfw3.dll) : warning LNK4006: glfwGetWGLContext уже определен в glfw3.lib(wgl_context.obj); второе определение пропущено
glfw3dll.lib(glfw3.dll) : warning LNK4006: glfwGetVideoModes уже определен в glfw3.lib(monitor.obj); второе определение пропущено
glfw3dll.lib(glfw3.dll) : warning LNK4006: glfwGetVideoMode уже определен в glfw3.lib(monitor.obj); второе определение пропущено
glfw3dll.lib(glfw3.dll) : warning LNK4006: glfwGetVersionString уже определен в glfw3.lib(platform.obj); второе определение пропущено
glfw3dll.lib(glfw3.dll) : warning LNK4006: glfwGetVersion уже определен в glfw3.lib(init.obj); второе определение пропущено
glfw3dll.lib(glfw3.dll) : warning LNK4006: glfwGetTimerValue уже определен в glfw3.lib(input.obj); второе определение пропущено
glfw3dll.lib(glfw3.dll) : warning LNK4006: glfwGetTimerFrequency уже определен в glfw3.lib(input.obj); второе определение пропущено
glfw3dll.lib(glfw3.dll) : warning LNK4006: glfwGetTime уже определен в glfw3.lib(input.obj); второе определение пропущено
glfw3dll.lib(glfw3.dll) : warning LNK4006: glfwGetRequiredInstanceExtensions уже определен в glfw3.lib(vulkan.obj); второе определение пропущено
glfw3dll.lib(glfw3.dll) : warning LNK4006: glfwGetProcAddress уже определен в glfw3.lib(context.obj); второе определение пропущено
glfw3dll.lib(glfw3.dll) : warning LNK4006: glfwGetPrimaryMonitor уже определен в glfw3.lib(monitor.obj); второе определение пропущено
glfw3dll.lib(glfw3.dll) : warning LNK4006: glfwGetPlatform уже определен в glfw3.lib(platform.obj); второе определение пропущено
glfw3dll.lib(glfw3.dll) : warning LNK4006: glfwGetPhysicalDevicePresentationSupport уже определен в glfw3.lib(vulkan.obj); второе определение пропущено
glfw3dll.lib(glfw3.dll) : warning LNK4006: glfwGetOSMesaDepthBuffer уже определен в glfw3.lib(osmesa_context.obj); второе определение пропущено
glfw3dll.lib(glfw3.dll) : warning LNK4006: glfwGetOSMesaContext уже определен в glfw3.lib(osmesa_context.obj); второе определение пропущено
glfw3dll.lib(glfw3.dll) : warning LNK4006: glfwGetOSMesaColorBuffer уже определен в glfw3.lib(osmesa_context.obj); второе определение пропущено
glfw3dll.lib(glfw3.dll) : warning LNK4006: glfwGetMouseButton уже определен в glfw3.lib(input.obj); второе определение пропущено
glfw3dll.lib(glfw3.dll) : warning LNK4006: glfwGetMonitors уже определен в glfw3.lib(monitor.obj); второе определение пропущено
glfw3dll.lib(glfw3.dll) : warning LNK4006: glfwGetMonitorWorkarea уже определен в glfw3.lib(monitor.obj); второе определение пропущено
glfw3dll.lib(glfw3.dll) : warning LNK4006: glfwGetMonitorUserPointer уже определен в glfw3.lib(monitor.obj); второе определение пропущено
glfw3dll.lib(glfw3.dll) : warning LNK4006: glfwGetMonitorPos уже определен в glfw3.lib(monitor.obj); второе определение пропущено
glfw3dll.lib(glfw3.dll) : warning LNK4006: glfwGetMonitorPhysicalSize уже определен в glfw3.lib(monitor.obj); второе определение пропущено
glfw3dll.lib(glfw3.dll) : warning LNK4006: glfwGetMonitorName уже определен в glfw3.lib(monitor.obj); второе определение пропущено
glfw3dll.lib(glfw3.dll) : warning LNK4006: glfwGetMonitorContentScale уже определен в glfw3.lib(monitor.obj); второе определение пропущено
glfw3dll.lib(glfw3.dll) : warning LNK4006: glfwGetKeyScancode уже определен в glfw3.lib(input.obj); второе определение пропущено
glfw3dll.lib(glfw3.dll) : warning LNK4006: glfwGetKeyName уже определен в glfw3.lib(input.obj); второе определение пропущено
glfw3dll.lib(glfw3.dll) : warning LNK4006: glfwGetKey уже определен в glfw3.lib(input.obj); второе определение пропущено
glfw3dll.lib(glfw3.dll) : warning LNK4006: glfwGetJoystickUserPointer уже определен в glfw3.lib(input.obj); второе определение пропущено
glfw3dll.lib(glfw3.dll) : warning LNK4006: glfwGetJoystickName уже определен в glfw3.lib(input.obj); второе определение пропущено
glfw3dll.lib(glfw3.dll) : warning LNK4006: glfwGetJoystickHats уже определен в glfw3.lib(input.obj); второе определение пропущено
glfw3dll.lib(glfw3.dll) : warning LNK4006: glfwGetJoystickGUID уже определен в glfw3.lib(input.obj); второе определение пропущено
glfw3dll.lib(glfw3.dll) : warning LNK4006: glfwGetJoystickButtons уже определен в glfw3.lib(input.obj); второе определение пропущено
glfw3dll.lib(glfw3.dll) : warning LNK4006: glfwGetJoystickAxes уже определен в glfw3.lib(input.obj); второе определение пропущено
glfw3dll.lib(glfw3.dll) : warning LNK4006: glfwGetInstanceProcAddress уже определен в glfw3.lib(vulkan.obj); второе определение пропущено
glfw3dll.lib(glfw3.dll) : warning LNK4006: glfwGetInputMode уже определен в glfw3.lib(input.obj); второе определение пропущено
glfw3dll.lib(glfw3.dll) : warning LNK4006: glfwGetGammaRamp уже определен в glfw3.lib(monitor.obj); второе определение пропущено
glfw3dll.lib(glfw3.dll) : warning LNK4006: glfwGetGamepadState уже определен в glfw3.lib(input.obj); второе определение пропущено
glfw3dll.lib(glfw3.dll) : warning LNK4006: glfwGetGamepadName уже определен в glfw3.lib(input.obj); второе определение пропущено
glfw3dll.lib(glfw3.dll) : warning LNK4006: glfwGetFramebufferSize уже определен в glfw3.lib(window.obj); второе определение пропущено
glfw3dll.lib(glfw3.dll) : warning LNK4006: glfwGetError уже определен в glfw3.lib(init.obj); второе определение пропущено
glfw3dll.lib(glfw3.dll) : warning LNK4006: glfwGetEGLSurface уже определен в glfw3.lib(egl_context.obj); второе определение пропущено
glfw3dll.lib(glfw3.dll) : warning LNK4006: glfwGetEGLDisplay уже определен в glfw3.lib(egl_context.obj); второе определение пропущено
glfw3dll.lib(glfw3.dll) : warning LNK4006: glfwGetEGLContext уже определен в glfw3.lib(egl_context.obj); второе определение пропущено
glfw3dll.lib(glfw3.dll) : warning LNK4006: glfwGetCursorPos уже определен в glfw3.lib(input.obj); второе определение пропущено
glfw3dll.lib(glfw3.dll) : warning LNK4006: glfwGetCurrentContext уже определен в glfw3.lib(context.obj); второе определение пропущено
glfw3dll.lib(glfw3.dll) : warning LNK4006: glfwGetClipboardString уже определен в glfw3.lib(input.obj); второе определение пропущено
glfw3dll.lib(glfw3.dll) : warning LNK4006: glfwFocusWindow уже определен в glfw3.lib(window.obj); второе определение пропущено
glfw3dll.lib(glfw3.dll) : warning LNK4006: glfwExtensionSupported уже определен в glfw3.lib(context.obj); второе определение пропущено
glfw3dll.lib(glfw3.dll) : warning LNK4006: glfwDestroyWindow уже определен в glfw3.lib(window.obj); второе определение пропущено
glfw3dll.lib(glfw3.dll) : warning LNK4006: glfwDestroyCursor уже определен в glfw3.lib(input.obj); второе определение пропущено
glfw3dll.lib(glfw3.dll) : warning LNK4006: glfwDefaultWindowHints уже определен в glfw3.lib(window.obj); второе определение пропущено
glfw3dll.lib(glfw3.dll) : warning LNK4006: glfwCreateWindowSurface уже определен в glfw3.lib(vulkan.obj); второе определение пропущено
glfw3dll.lib(glfw3.dll) : warning LNK4006: glfwCreateWindow уже определен в glfw3.lib(window.obj); второе определение пропущено
glfw3dll.lib(glfw3.dll) : warning LNK4006: glfwCreateStandardCursor уже определен в glfw3.lib(input.obj); второе определение пропущено
glfw3dll.lib(glfw3.dll) : warning LNK4006: glfwCreateCursor уже определен в glfw3.lib(input.obj); второе определение пропущено
glfw3_mt.lib(context.obj) : warning LNK4006: glfwMakeContextCurrent уже определен в glfw3.lib(context.obj); второе определение пропущено
glfw3_mt.lib(context.obj) : warning LNK4006: glfwGetCurrentContext уже определен в glfw3.lib(context.obj); второе определение пропущено
glfw3_mt.lib(context.obj) : warning LNK4006: glfwSwapBuffers уже определен в glfw3.lib(context.obj); второе определение пропущено
glfw3_mt.lib(context.obj) : warning LNK4006: glfwSwapInterval уже определен в glfw3.lib(context.obj); второе определение пропущено
glfw3_mt.lib(context.obj) : warning LNK4006: glfwExtensionSupported уже определен в glfw3.lib(context.obj); второе определение пропущено
glfw3_mt.lib(context.obj) : warning LNK4006: glfwGetProcAddress уже определен в glfw3.lib(context.obj); второе определение пропущено
glfw3_mt.lib(context.obj) : warning LNK4006: _glfwStringInExtensionString уже определен в glfw3.lib(context.obj); второе определение пропущено
glfw3_mt.lib(context.obj) : warning LNK4006: _glfwChooseFBConfig уже определен в glfw3.lib(context.obj); второе определение пропущено
glfw3_mt.lib(context.obj) : warning LNK4006: _glfwRefreshContextAttribs уже определен в glfw3.lib(context.obj); второе определение пропущено
glfw3_mt.lib(context.obj) : warning LNK4006: _glfwIsValidContextConfig уже определен в glfw3.lib(context.obj); второе определение пропущено
glfw3_mt.lib(init.obj) : warning LNK4006: _glfw уже определен в glfw3.lib(init.obj); второе определение пропущено
glfw3_mt.lib(init.obj) : warning LNK4006: glfwInit уже определен в glfw3.lib(init.obj); второе определение пропущено
glfw3_mt.lib(init.obj) : warning LNK4006: glfwTerminate уже определен в glfw3.lib(init.obj); второе определение пропущено
glfw3_mt.lib(init.obj) : warning LNK4006: glfwInitHint уже определен в glfw3.lib(init.obj); второе определение пропущено
glfw3_mt.lib(init.obj) : warning LNK4006: glfwInitAllocator уже определен в glfw3.lib(init.obj); второе определение пропущено
glfw3_mt.lib(init.obj) : warning LNK4006: glfwGetVersion уже определен в glfw3.lib(init.obj); второе определение пропущено
glfw3_mt.lib(init.obj) : warning LNK4006: glfwGetError уже определен в glfw3.lib(init.obj); второе определение пропущено
glfw3_mt.lib(init.obj) : warning LNK4006: glfwSetErrorCallback уже определен в glfw3.lib(init.obj); второе определение пропущено
glfw3_mt.lib(init.obj) : warning LNK4006: _glfwInputError уже определен в glfw3.lib(init.obj); второе определение пропущено
glfw3_mt.lib(init.obj) : warning LNK4006: _glfwEncodeUTF8 уже определен в glfw3.lib(init.obj); второе определение пропущено
glfw3_mt.lib(init.obj) : warning LNK4006: _glfwParseUriList уже определен в glfw3.lib(init.obj); второе определение пропущено
glfw3_mt.lib(init.obj) : warning LNK4006: _glfw_strdup уже определен в glfw3.lib(init.obj); второе определение пропущено
glfw3_mt.lib(init.obj) : warning LNK4006: _glfw_min уже определен в glfw3.lib(init.obj); второе определение пропущено
glfw3_mt.lib(init.obj) : warning LNK4006: _glfw_max уже определен в glfw3.lib(init.obj); второе определение пропущено
glfw3_mt.lib(init.obj) : warning LNK4006: _glfw_calloc уже определен в glfw3.lib(init.obj); второе определение пропущено
glfw3_mt.lib(init.obj) : warning LNK4006: _glfw_realloc уже определен в glfw3.lib(init.obj); второе определение пропущено
glfw3_mt.lib(init.obj) : warning LNK4006: _glfw_free уже определен в glfw3.lib(init.obj); второе определение пропущено
glfw3_mt.lib(init.obj) : warning LNK4006: glfwInitVulkanLoader уже определен в glfw3.lib(init.obj); второе определение пропущено
glfw3_mt.lib(input.obj) : warning LNK4006: _glfwDefaultMappings уже определен в glfw3.lib(input.obj); второе определение пропущено
glfw3_mt.lib(input.obj) : warning LNK4006: glfwGetInputMode уже определен в glfw3.lib(input.obj); второе определение пропущено
glfw3_mt.lib(input.obj) : warning LNK4006: glfwSetInputMode уже определен в glfw3.lib(input.obj); второе определение пропущено
glfw3_mt.lib(input.obj) : warning LNK4006: glfwRawMouseMotionSupported уже определен в glfw3.lib(input.obj); второе определение пропущено
glfw3_mt.lib(input.obj) : warning LNK4006: glfwGetKeyName уже определен в glfw3.lib(input.obj); второе определение пропущено
glfw3_mt.lib(input.obj) : warning LNK4006: glfwGetKeyScancode уже определен в glfw3.lib(input.obj); второе определение пропущено
glfw3_mt.lib(input.obj) : warning LNK4006: glfwGetKey уже определен в glfw3.lib(input.obj); второе определение пропущено
glfw3_mt.lib(input.obj) : warning LNK4006: glfwGetMouseButton уже определен в glfw3.lib(input.obj); второе определение пропущено
glfw3_mt.lib(input.obj) : warning LNK4006: glfwGetCursorPos уже определен в glfw3.lib(input.obj); второе определение пропущено
glfw3_mt.lib(input.obj) : warning LNK4006: glfwSetCursorPos уже определен в glfw3.lib(input.obj); второе определение пропущено
glfw3_mt.lib(input.obj) : warning LNK4006: glfwCreateCursor уже определен в glfw3.lib(input.obj); второе определение пропущено
glfw3_mt.lib(input.obj) : warning LNK4006: glfwCreateStandardCursor уже определен в glfw3.lib(input.obj); второе определение пропущено
glfw3_mt.lib(input.obj) : warning LNK4006: glfwDestroyCursor уже определен в glfw3.lib(input.obj); второе определение пропущено
glfw3_mt.lib(input.obj) : warning LNK4006: glfwSetCursor уже определен в glfw3.lib(input.obj); второе определение пропущено
glfw3_mt.lib(input.obj) : warning LNK4006: glfwSetKeyCallback уже определен в glfw3.lib(input.obj); второе определение пропущено
glfw3_mt.lib(input.obj) : warning LNK4006: glfwSetCharCallback уже определен в glfw3.lib(input.obj); второе определение пропущено
glfw3_mt.lib(input.obj) : warning LNK4006: glfwSetCharModsCallback уже определен в glfw3.lib(input.obj); второе определение пропущено
glfw3_mt.lib(input.obj) : warning LNK4006: glfwSetMouseButtonCallback уже определен в glfw3.lib(input.obj); второе определение пропущено
glfw3_mt.lib(input.obj) : warning LNK4006: glfwSetCursorPosCallback уже определен в glfw3.lib(input.obj); второе определение пропущено
glfw3_mt.lib(input.obj) : warning LNK4006: glfwSetCursorEnterCallback уже определен в glfw3.lib(input.obj); второе определение пропущено
glfw3_mt.lib(input.obj) : warning LNK4006: glfwSetScrollCallback уже определен в glfw3.lib(input.obj); второе определение пропущено
glfw3_mt.lib(input.obj) : warning LNK4006: glfwSetDropCallback уже определен в glfw3.lib(input.obj); второе определение пропущено
glfw3_mt.lib(input.obj) : warning LNK4006: glfwJoystickPresent уже определен в glfw3.lib(input.obj); второе определение пропущено
glfw3_mt.lib(input.obj) : warning LNK4006: glfwGetJoystickAxes уже определен в glfw3.lib(input.obj); второе определение пропущено
glfw3_mt.lib(input.obj) : warning LNK4006: glfwGetJoystickButtons уже определен в glfw3.lib(input.obj); второе определение пропущено
glfw3_mt.lib(input.obj) : warning LNK4006: glfwGetJoystickHats уже определен в glfw3.lib(input.obj); второе определение пропущено
glfw3_mt.lib(input.obj) : warning LNK4006: glfwGetJoystickName уже определен в glfw3.lib(input.obj); второе определение пропущено
glfw3_mt.lib(input.obj) : warning LNK4006: glfwGetJoystickGUID уже определен в glfw3.lib(input.obj); второе определение пропущено
glfw3_mt.lib(input.obj) : warning LNK4006: glfwSetJoystickUserPointer уже определен в glfw3.lib(input.obj); второе определение пропущено
glfw3_mt.lib(input.obj) : warning LNK4006: glfwGetJoystickUserPointer уже определен в glfw3.lib(input.obj); второе определение пропущено
glfw3_mt.lib(input.obj) : warning LNK4006: glfwJoystickIsGamepad уже определен в glfw3.lib(input.obj); второе определение пропущено
glfw3_mt.lib(input.obj) : warning LNK4006: glfwSetJoystickCallback уже определен в glfw3.lib(input.obj); второе определение пропущено
glfw3_mt.lib(input.obj) : warning LNK4006: glfwUpdateGamepadMappings уже определен в glfw3.lib(input.obj); второе определение пропущено
glfw3_mt.lib(input.obj) : warning LNK4006: glfwGetGamepadName уже определен в glfw3.lib(input.obj); второе определение пропущено
glfw3_mt.lib(input.obj) : warning LNK4006: glfwGetGamepadState уже определен в glfw3.lib(input.obj); второе определение пропущено
glfw3_mt.lib(input.obj) : warning LNK4006: glfwSetClipboardString уже определен в glfw3.lib(input.obj); второе определение пропущено
glfw3_mt.lib(input.obj) : warning LNK4006: glfwGetClipboardString уже определен в glfw3.lib(input.obj); второе определение пропущено
glfw3_mt.lib(input.obj) : warning LNK4006: glfwGetTime уже определен в glfw3.lib(input.obj); второе определение пропущено
glfw3_mt.lib(input.obj) : warning LNK4006: glfwSetTime уже определен в glfw3.lib(input.obj); второе определение пропущено
glfw3_mt.lib(input.obj) : warning LNK4006: glfwGetTimerValue уже определен в glfw3.lib(input.obj); второе определение пропущено
glfw3_mt.lib(input.obj) : warning LNK4006: glfwGetTimerFrequency уже определен в glfw3.lib(input.obj); второе определение пропущено
glfw3_mt.lib(input.obj) : warning LNK4006: _glfwInputKey уже определен в glfw3.lib(input.obj); второе определение пропущено
glfw3_mt.lib(input.obj) : warning LNK4006: _glfwInputChar уже определен в glfw3.lib(input.obj); второе определение пропущено
glfw3_mt.lib(input.obj) : warning LNK4006: _glfwInputScroll уже определен в glfw3.lib(input.obj); второе определение пропущено
glfw3_mt.lib(input.obj) : warning LNK4006: _glfwInputMouseClick уже определен в glfw3.lib(input.obj); второе определение пропущено
glfw3_mt.lib(input.obj) : warning LNK4006: _glfwInputCursorPos уже определен в glfw3.lib(input.obj); второе определение пропущено
glfw3_mt.lib(input.obj) : warning LNK4006: _glfwInputCursorEnter уже определен в glfw3.lib(input.obj); второе определение пропущено
glfw3_mt.lib(input.obj) : warning LNK4006: _glfwInputDrop уже определен в glfw3.lib(input.obj); второе определение пропущено
glfw3_mt.lib(input.obj) : warning LNK4006: _glfwInputJoystick уже определен в glfw3.lib(input.obj); второе определение пропущено
glfw3_mt.lib(input.obj) : warning LNK4006: _glfwInputJoystickAxis уже определен в glfw3.lib(input.obj); второе определение пропущено
glfw3_mt.lib(input.obj) : warning LNK4006: _glfwInputJoystickButton уже определен в glfw3.lib(input.obj); второе определение пропущено
glfw3_mt.lib(input.obj) : warning LNK4006: _glfwInputJoystickHat уже определен в glfw3.lib(input.obj); второе определение пропущено
glfw3_mt.lib(input.obj) : warning LNK4006: _glfwInitGamepadMappings уже определен в glfw3.lib(input.obj); второе определение пропущено
glfw3_mt.lib(input.obj) : warning LNK4006: _glfwAllocJoystick уже определен в glfw3.lib(input.obj); второе определение пропущено
glfw3_mt.lib(input.obj) : warning LNK4006: _glfwFreeJoystick уже определен в glfw3.lib(input.obj); второе определение пропущено
glfw3_mt.lib(input.obj) : warning LNK4006: _glfwCenterCursorInContentArea уже определен в glfw3.lib(input.obj); второе определение пропущено
glfw3_mt.lib(monitor.obj) : warning LNK4006: glfwGetMonitors уже определен в glfw3.lib(monitor.obj); второе определение пропущено
glfw3_mt.lib(monitor.obj) : warning LNK4006: glfwGetPrimaryMonitor уже определен в glfw3.lib(monitor.obj); второе определение пропущено
glfw3_mt.lib(monitor.obj) : warning LNK4006: glfwGetMonitorPos уже определен в glfw3.lib(monitor.obj); второе определение пропущено
glfw3_mt.lib(monitor.obj) : warning LNK4006: glfwGetMonitorWorkarea уже определен в glfw3.lib(monitor.obj); второе определение пропущено
glfw3_mt.lib(monitor.obj) : warning LNK4006: glfwGetMonitorPhysicalSize уже определен в glfw3.lib(monitor.obj); второе определение пропущено
glfw3_mt.lib(monitor.obj) : warning LNK4006: glfwGetMonitorContentScale уже определен в glfw3.lib(monitor.obj); второе определение пропущено
glfw3_mt.lib(monitor.obj) : warning LNK4006: glfwGetMonitorName уже определен в glfw3.lib(monitor.obj); второе определение пропущено
glfw3_mt.lib(monitor.obj) : warning LNK4006: glfwSetMonitorUserPointer уже определен в glfw3.lib(monitor.obj); второе определение пропущено
glfw3_mt.lib(monitor.obj) : warning LNK4006: glfwGetMonitorUserPointer уже определен в glfw3.lib(monitor.obj); второе определение пропущено
glfw3_mt.lib(monitor.obj) : warning LNK4006: glfwSetMonitorCallback уже определен в glfw3.lib(monitor.obj); второе определение пропущено
glfw3_mt.lib(monitor.obj) : warning LNK4006: glfwGetVideoModes уже определен в glfw3.lib(monitor.obj); второе определение пропущено
glfw3_mt.lib(monitor.obj) : warning LNK4006: glfwGetVideoMode уже определен в glfw3.lib(monitor.obj); второе определение пропущено
glfw3_mt.lib(monitor.obj) : warning LNK4006: glfwSetGamma уже определен в glfw3.lib(monitor.obj); второе определение пропущено
glfw3_mt.lib(monitor.obj) : warning LNK4006: glfwGetGammaRamp уже определен в glfw3.lib(monitor.obj); второе определение пропущено
glfw3_mt.lib(monitor.obj) : warning LNK4006: glfwSetGammaRamp уже определен в glfw3.lib(monitor.obj); второе определение пропущено
glfw3_mt.lib(monitor.obj) : warning LNK4006: _glfwInputMonitor уже определен в glfw3.lib(monitor.obj); второе определение пропущено
glfw3_mt.lib(monitor.obj) : warning LNK4006: _glfwInputMonitorWindow уже определен в glfw3.lib(monitor.obj); второе определение пропущено
glfw3_mt.lib(monitor.obj) : warning LNK4006: _glfwChooseVideoMode уже определен в glfw3.lib(monitor.obj); второе определение пропущено
glfw3_mt.lib(monitor.obj) : warning LNK4006: _glfwCompareVideoModes уже определен в glfw3.lib(monitor.obj); второе определение пропущено
glfw3_mt.lib(monitor.obj) : warning LNK4006: _glfwAllocMonitor уже определен в glfw3.lib(monitor.obj); второе определение пропущено
glfw3_mt.lib(monitor.obj) : warning LNK4006: _glfwFreeMonitor уже определен в glfw3.lib(monitor.obj); второе определение пропущено
glfw3_mt.lib(monitor.obj) : warning LNK4006: _glfwAllocGammaArrays уже определен в glfw3.lib(monitor.obj); второе определение пропущено
glfw3_mt.lib(monitor.obj) : warning LNK4006: _glfwFreeGammaArrays уже определен в glfw3.lib(monitor.obj); второе определение пропущено
glfw3_mt.lib(monitor.obj) : warning LNK4006: _glfwSplitBPP уже определен в glfw3.lib(monitor.obj); второе определение пропущено
glfw3_mt.lib(platform.obj) : warning LNK4006: glfwGetVersionString уже определен в glfw3.lib(platform.obj); второе определение пропущено
glfw3_mt.lib(platform.obj) : warning LNK4006: glfwGetPlatform уже определен в glfw3.lib(platform.obj); второе определение пропущено
glfw3_mt.lib(platform.obj) : warning LNK4006: glfwPlatformSupported уже определен в glfw3.lib(platform.obj); второе определение пропущено
glfw3_mt.lib(platform.obj) : warning LNK4006: _glfwSelectPlatform уже определен в glfw3.lib(platform.obj); второе определение пропущено
glfw3_mt.lib(vulkan.obj) : warning LNK4006: glfwVulkanSupported уже определен в glfw3.lib(vulkan.obj); второе определение пропущено
glfw3_mt.lib(vulkan.obj) : warning LNK4006: glfwGetRequiredInstanceExtensions уже определен в glfw3.lib(vulkan.obj); второе определение пропущено
glfw3_mt.lib(vulkan.obj) : warning LNK4006: _glfwInitVulkan уже определен в glfw3.lib(vulkan.obj); второе определение пропущено
glfw3_mt.lib(vulkan.obj) : warning LNK4006: _glfwTerminateVulkan уже определен в glfw3.lib(vulkan.obj); второе определение пропущено
glfw3_mt.lib(vulkan.obj) : warning LNK4006: _glfwGetVulkanResultString уже определен в glfw3.lib(vulkan.obj); второе определение пропущено
glfw3_mt.lib(vulkan.obj) : warning LNK4006: glfwGetInstanceProcAddress уже определен в glfw3.lib(vulkan.obj); второе определение пропущено
glfw3_mt.lib(vulkan.obj) : warning LNK4006: glfwGetPhysicalDevicePresentationSupport уже определен в glfw3.lib(vulkan.obj); второе определение пропущено
glfw3_mt.lib(vulkan.obj) : warning LNK4006: glfwCreateWindowSurface уже определен в glfw3.lib(vulkan.obj); второе определение пропущено
glfw3_mt.lib(window.obj) : warning LNK4006: glfwDefaultWindowHints уже определен в glfw3.lib(window.obj); второе определение пропущено
glfw3_mt.lib(window.obj) : warning LNK4006: glfwWindowHint уже определен в glfw3.lib(window.obj); второе определение пропущено
glfw3_mt.lib(window.obj) : warning LNK4006: glfwWindowHintString уже определен в glfw3.lib(window.obj); второе определение пропущено
glfw3_mt.lib(window.obj) : warning LNK4006: glfwCreateWindow уже определен в glfw3.lib(window.obj); второе определение пропущено
glfw3_mt.lib(window.obj) : warning LNK4006: glfwDestroyWindow уже определен в glfw3.lib(window.obj); второе определение пропущено
glfw3_mt.lib(window.obj) : warning LNK4006: glfwWindowShouldClose уже определен в glfw3.lib(window.obj); второе определение пропущено
glfw3_mt.lib(window.obj) : warning LNK4006: glfwSetWindowShouldClose уже определен в glfw3.lib(window.obj); второе определение пропущено
glfw3_mt.lib(window.obj) : warning LNK4006: glfwGetWindowTitle уже определен в glfw3.lib(window.obj); второе определение пропущено
glfw3_mt.lib(window.obj) : warning LNK4006: glfwSetWindowTitle уже определен в glfw3.lib(window.obj); второе определение пропущено
glfw3_mt.lib(window.obj) : warning LNK4006: glfwSetWindowIcon уже определен в glfw3.lib(window.obj); второе определение пропущено
glfw3_mt.lib(window.obj) : warning LNK4006: glfwGetWindowPos уже определен в glfw3.lib(window.obj); второе определение пропущено
glfw3_mt.lib(window.obj) : warning LNK4006: glfwSetWindowPos уже определен в glfw3.lib(window.obj); второе определение пропущено
glfw3_mt.lib(window.obj) : warning LNK4006: glfwGetWindowSize уже определен в glfw3.lib(window.obj); второе определение пропущено
glfw3_mt.lib(window.obj) : warning LNK4006: glfwSetWindowSizeLimits уже определен в glfw3.lib(window.obj); второе определение пропущено
glfw3_mt.lib(window.obj) : warning LNK4006: glfwSetWindowAspectRatio уже определен в glfw3.lib(window.obj); второе определение пропущено
glfw3_mt.lib(window.obj) : warning LNK4006: glfwSetWindowSize уже определен в glfw3.lib(window.obj); второе определение пропущено
glfw3_mt.lib(window.obj) : warning LNK4006: glfwGetFramebufferSize уже определен в glfw3.lib(window.obj); второе определение пропущено
glfw3_mt.lib(window.obj) : warning LNK4006: glfwGetWindowFrameSize уже определен в glfw3.lib(window.obj); второе определение пропущено
glfw3_mt.lib(window.obj) : warning LNK4006: glfwGetWindowContentScale уже определен в glfw3.lib(window.obj); второе определение пропущено
glfw3_mt.lib(window.obj) : warning LNK4006: glfwGetWindowOpacity уже определен в glfw3.lib(window.obj); второе определение пропущено
glfw3_mt.lib(window.obj) : warning LNK4006: glfwSetWindowOpacity уже определен в glfw3.lib(window.obj); второе определение пропущено
glfw3_mt.lib(window.obj) : warning LNK4006: glfwIconifyWindow уже определен в glfw3.lib(window.obj); второе определение пропущено
glfw3_mt.lib(window.obj) : warning LNK4006: glfwRestoreWindow уже определен в glfw3.lib(window.obj); второе определение пропущено
glfw3_mt.lib(window.obj) : warning LNK4006: glfwMaximizeWindow уже определен в glfw3.lib(window.obj); второе определение пропущено
glfw3_mt.lib(window.obj) : warning LNK4006: glfwShowWindow уже определен в glfw3.lib(window.obj); второе определение пропущено
glfw3_mt.lib(window.obj) : warning LNK4006: glfwHideWindow уже определен в glfw3.lib(window.obj); второе определение пропущено
glfw3_mt.lib(window.obj) : warning LNK4006: glfwFocusWindow уже определен в glfw3.lib(window.obj); второе определение пропущено
glfw3_mt.lib(window.obj) : warning LNK4006: glfwRequestWindowAttention уже определен в glfw3.lib(window.obj); второе определение пропущено
glfw3_mt.lib(window.obj) : warning LNK4006: glfwGetWindowMonitor уже определен в glfw3.lib(window.obj); второе определение пропущено
glfw3_mt.lib(window.obj) : warning LNK4006: glfwSetWindowMonitor уже определен в glfw3.lib(window.obj); второе определение пропущено
glfw3_mt.lib(window.obj) : warning LNK4006: glfwGetWindowAttrib уже определен в glfw3.lib(window.obj); второе определение пропущено
glfw3_mt.lib(window.obj) : warning LNK4006: glfwSetWindowAttrib уже определен в glfw3.lib(window.obj); второе определение пропущено
glfw3_mt.lib(window.obj) : warning LNK4006: glfwSetWindowUserPointer уже определен в glfw3.lib(window.obj); второе определение пропущено
glfw3_mt.lib(window.obj) : warning LNK4006: glfwGetWindowUserPointer уже определен в glfw3.lib(window.obj); второе определение пропущено
glfw3_mt.lib(window.obj) : warning LNK4006: glfwSetWindowPosCallback уже определен в glfw3.lib(window.obj); второе определение пропущено
glfw3_mt.lib(window.obj) : warning LNK4006: glfwSetWindowSizeCallback уже определен в glfw3.lib(window.obj); второе определение пропущено
glfw3_mt.lib(window.obj) : warning LNK4006: glfwSetWindowCloseCallback уже определен в glfw3.lib(window.obj); второе определение пропущено
glfw3_mt.lib(window.obj) : warning LNK4006: glfwSetWindowRefreshCallback уже определен в glfw3.lib(window.obj); второе определение пропущено
glfw3_mt.lib(window.obj) : warning LNK4006: glfwSetWindowFocusCallback уже определен в glfw3.lib(window.obj); второе определение пропущено
glfw3_mt.lib(window.obj) : warning LNK4006: glfwSetWindowIconifyCallback уже определен в glfw3.lib(window.obj); второе определение пропущено
glfw3_mt.lib(window.obj) : warning LNK4006: glfwSetWindowMaximizeCallback уже определен в glfw3.lib(window.obj); второе определение пропущено
glfw3_mt.lib(window.obj) : warning LNK4006: glfwSetFramebufferSizeCallback уже определен в glfw3.lib(window.obj); второе определение пропущено
glfw3_mt.lib(window.obj) : warning LNK4006: glfwSetWindowContentScaleCallback уже определен в glfw3.lib(window.obj); второе определение пропущено
glfw3_mt.lib(window.obj) : warning LNK4006: glfwPollEvents уже определен в glfw3.lib(window.obj); второе определение пропущено
glfw3_mt.lib(window.obj) : warning LNK4006: glfwWaitEvents уже определен в glfw3.lib(window.obj); второе определение пропущено
glfw3_mt.lib(window.obj) : warning LNK4006: glfwWaitEventsTimeout уже определен в glfw3.lib(window.obj); второе определение пропущено
glfw3_mt.lib(window.obj) : warning LNK4006: glfwPostEmptyEvent уже определен в glfw3.lib(window.obj); второе определение пропущено
glfw3_mt.lib(window.obj) : warning LNK4006: _glfwInputWindowFocus уже определен в glfw3.lib(window.obj); второе определение пропущено
glfw3_mt.lib(window.obj) : warning LNK4006: _glfwInputWindowPos уже определен в glfw3.lib(window.obj); второе определение пропущено
glfw3_mt.lib(window.obj) : warning LNK4006: _glfwInputWindowSize уже определен в glfw3.lib(window.obj); второе определение пропущено
glfw3_mt.lib(window.obj) : warning LNK4006: _glfwInputFramebufferSize уже определен в glfw3.lib(window.obj); второе определение пропущено
glfw3_mt.lib(window.obj) : warning LNK4006: _glfwInputWindowContentScale уже определен в glfw3.lib(window.obj); второе определение пропущено
glfw3_mt.lib(window.obj) : warning LNK4006: _glfwInputWindowIconify уже определен в glfw3.lib(window.obj); второе определение пропущено
glfw3_mt.lib(window.obj) : warning LNK4006: _glfwInputWindowMaximize уже определен в glfw3.lib(window.obj); второе определение пропущено
glfw3_mt.lib(window.obj) : warning LNK4006: _glfwInputWindowDamage уже определен в glfw3.lib(window.obj); второе определение пропущено
glfw3_mt.lib(window.obj) : warning LNK4006: _glfwInputWindowCloseRequest уже определен в glfw3.lib(window.obj); второе определение пропущено
glfw3_mt.lib(window.obj) : warning LNK4006: _glfwInputWindowMonitor уже определен в glfw3.lib(window.obj); второе определение пропущено
glfw3_mt.lib(egl_context.obj) : warning LNK4006: glfwGetEGLDisplay уже определен в glfw3.lib(egl_context.obj); второе определение пропущено
glfw3_mt.lib(egl_context.obj) : warning LNK4006: glfwGetEGLContext уже определен в glfw3.lib(egl_context.obj); второе определение пропущено
glfw3_mt.lib(egl_context.obj) : warning LNK4006: glfwGetEGLSurface уже определен в glfw3.lib(egl_context.obj); второе определение пропущено
glfw3_mt.lib(egl_context.obj) : warning LNK4006: _glfwInitEGL уже определен в glfw3.lib(egl_context.obj); второе определение пропущено
glfw3_mt.lib(egl_context.obj) : warning LNK4006: _glfwTerminateEGL уже определен в glfw3.lib(egl_context.obj); второе определение пропущено
glfw3_mt.lib(egl_context.obj) : warning LNK4006: _glfwCreateContextEGL уже определен в glfw3.lib(egl_context.obj); второе определение пропущено
glfw3_mt.lib(osmesa_context.obj) : warning LNK4006: glfwGetOSMesaColorBuffer уже определен в glfw3.lib(osmesa_context.obj); второе определение пропущено
glfw3_mt.lib(osmesa_context.obj) : warning LNK4006: glfwGetOSMesaDepthBuffer уже определен в glfw3.lib(osmesa_context.obj); второе определение пропущено
glfw3_mt.lib(osmesa_context.obj) : warning LNK4006: glfwGetOSMesaContext уже определен в glfw3.lib(osmesa_context.obj); второе определение пропущено
glfw3_mt.lib(osmesa_context.obj) : warning LNK4006: _glfwInitOSMesa уже определен в glfw3.lib(osmesa_context.obj); второе определение пропущено
glfw3_mt.lib(osmesa_context.obj) : warning LNK4006: _glfwTerminateOSMesa уже определен в glfw3.lib(osmesa_context.obj); второе определение пропущено
glfw3_mt.lib(osmesa_context.obj) : warning LNK4006: _glfwCreateContextOSMesa уже определен в glfw3.lib(osmesa_context.obj); второе определение пропущено
glfw3_mt.lib(null_init.obj) : warning LNK4006: _glfwConnectNull уже определен в glfw3.lib(null_init.obj); второе определение пропущено
glfw3_mt.lib(null_init.obj) : warning LNK4006: _glfwInitNull уже определен в glfw3.lib(null_init.obj); второе определение пропущено
glfw3_mt.lib(null_init.obj) : warning LNK4006: _glfwTerminateNull уже определен в glfw3.lib(null_init.obj); второе определение пропущено
glfw3_mt.lib(null_monitor.obj) : warning LNK4006: _glfwPollMonitorsNull уже определен в glfw3.lib(null_monitor.obj); второе определение пропущено
glfw3_mt.lib(null_monitor.obj) : warning LNK4006: _glfwFreeMonitorNull уже определен в glfw3.lib(null_monitor.obj); второе определение пропущено
glfw3_mt.lib(null_monitor.obj) : warning LNK4006: _glfwGetMonitorPosNull уже определен в glfw3.lib(null_monitor.obj); второе определение пропущено
glfw3_mt.lib(null_monitor.obj) : warning LNK4006: _glfwGetMonitorContentScaleNull уже определен в glfw3.lib(null_monitor.obj); второе определение пропущено
glfw3_mt.lib(null_monitor.obj) : warning LNK4006: _glfwGetMonitorWorkareaNull уже определен в glfw3.lib(null_monitor.obj); второе определение пропущено
glfw3_mt.lib(null_monitor.obj) : warning LNK4006: _glfwGetVideoModesNull уже определен в glfw3.lib(null_monitor.obj); второе определение пропущено
glfw3_mt.lib(null_monitor.obj) : warning LNK4006: _glfwGetVideoModeNull уже определен в glfw3.lib(null_monitor.obj); второе определение пропущено
glfw3_mt.lib(null_monitor.obj) : warning LNK4006: _glfwGetGammaRampNull уже определен в glfw3.lib(null_monitor.obj); второе определение пропущено
glfw3_mt.lib(null_monitor.obj) : warning LNK4006: _glfwSetGammaRampNull уже определен в glfw3.lib(null_monitor.obj); второе определение пропущено
glfw3_mt.lib(null_window.obj) : warning LNK4006: _glfwCreateWindowNull уже определен в glfw3.lib(null_window.obj); второе определение пропущено
glfw3_mt.lib(null_window.obj) : warning LNK4006: _glfwDestroyWindowNull уже определен в glfw3.lib(null_window.obj); второе определение пропущено
glfw3_mt.lib(null_window.obj) : warning LNK4006: _glfwSetWindowTitleNull уже определен в glfw3.lib(null_window.obj); второе определение пропущено
glfw3_mt.lib(null_window.obj) : warning LNK4006: _glfwSetWindowIconNull уже определен в glfw3.lib(null_window.obj); второе определение пропущено
glfw3_mt.lib(null_window.obj) : warning LNK4006: _glfwSetWindowMonitorNull уже определен в glfw3.lib(null_window.obj); второе определение пропущено
glfw3_mt.lib(null_window.obj) : warning LNK4006: _glfwGetWindowPosNull уже определен в glfw3.lib(null_window.obj); второе определение пропущено
glfw3_mt.lib(null_window.obj) : warning LNK4006: _glfwSetWindowPosNull уже определен в glfw3.lib(null_window.obj); второе определение пропущено
glfw3_mt.lib(null_window.obj) : warning LNK4006: _glfwGetWindowSizeNull уже определен в glfw3.lib(null_window.obj); второе определение пропущено
glfw3_mt.lib(null_window.obj) : warning LNK4006: _glfwSetWindowSizeNull уже определен в glfw3.lib(null_window.obj); второе определение пропущено
glfw3_mt.lib(null_window.obj) : warning LNK4006: _glfwSetWindowSizeLimitsNull уже определен в glfw3.lib(null_window.obj); второе определение пропущено
glfw3_mt.lib(null_window.obj) : warning LNK4006: _glfwSetWindowAspectRatioNull уже определен в glfw3.lib(null_window.obj); второе определение пропущено
glfw3_mt.lib(null_window.obj) : warning LNK4006: _glfwGetFramebufferSizeNull уже определен в glfw3.lib(null_window.obj); второе определение пропущено
glfw3_mt.lib(null_window.obj) : warning LNK4006: _glfwGetWindowFrameSizeNull уже определен в glfw3.lib(null_window.obj); второе определение пропущено
glfw3_mt.lib(null_window.obj) : warning LNK4006: _glfwGetWindowContentScaleNull уже определен в glfw3.lib(null_window.obj); второе определение пропущено
glfw3_mt.lib(null_window.obj) : warning LNK4006: _glfwIconifyWindowNull уже определен в glfw3.lib(null_window.obj); второе определение пропущено
glfw3_mt.lib(null_window.obj) : warning LNK4006: _glfwRestoreWindowNull уже определен в glfw3.lib(null_window.obj); второе определение пропущено
glfw3_mt.lib(null_window.obj) : warning LNK4006: _glfwMaximizeWindowNull уже определен в glfw3.lib(null_window.obj); второе определение пропущено
glfw3_mt.lib(null_window.obj) : warning LNK4006: _glfwWindowMaximizedNull уже определен в glfw3.lib(null_window.obj); второе определение пропущено
glfw3_mt.lib(null_window.obj) : warning LNK4006: _glfwWindowHoveredNull уже определен в glfw3.lib(null_window.obj); второе определение пропущено
glfw3_mt.lib(null_window.obj) : warning LNK4006: _glfwFramebufferTransparentNull уже определен в glfw3.lib(null_window.obj); второе определение пропущено
glfw3_mt.lib(null_window.obj) : warning LNK4006: _glfwSetWindowResizableNull уже определен в glfw3.lib(null_window.obj); второе определение пропущено
glfw3_mt.lib(null_window.obj) : warning LNK4006: _glfwSetWindowDecoratedNull уже определен в glfw3.lib(null_window.obj); второе определение пропущено
glfw3_mt.lib(null_window.obj) : warning LNK4006: _glfwSetWindowFloatingNull уже определен в glfw3.lib(null_window.obj); второе определение пропущено
glfw3_mt.lib(null_window.obj) : warning LNK4006: _glfwSetWindowMousePassthroughNull уже определен в glfw3.lib(null_window.obj); второе определение пропущено
glfw3_mt.lib(null_window.obj) : warning LNK4006: _glfwGetWindowOpacityNull уже определен в glfw3.lib(null_window.obj); второе определение пропущено
glfw3_mt.lib(null_window.obj) : warning LNK4006: _glfwSetWindowOpacityNull уже определен в glfw3.lib(null_window.obj); второе определение пропущено
glfw3_mt.lib(null_window.obj) : warning LNK4006: _glfwSetRawMouseMotionNull уже определен в glfw3.lib(null_window.obj); второе определение пропущено
glfw3_mt.lib(null_window.obj) : warning LNK4006: _glfwRawMouseMotionSupportedNull уже определен в glfw3.lib(null_window.obj); второе определение пропущено
glfw3_mt.lib(null_window.obj) : warning LNK4006: _glfwShowWindowNull уже определен в glfw3.lib(null_window.obj); второе определение пропущено
glfw3_mt.lib(null_window.obj) : warning LNK4006: _glfwRequestWindowAttentionNull уже определен в glfw3.lib(null_window.obj); второе определение пропущено
glfw3_mt.lib(null_window.obj) : warning LNK4006: _glfwHideWindowNull уже определен в glfw3.lib(null_window.obj); второе определение пропущено
glfw3_mt.lib(null_window.obj) : warning LNK4006: _glfwFocusWindowNull уже определен в glfw3.lib(null_window.obj); второе определение пропущено
glfw3_mt.lib(null_window.obj) : warning LNK4006: _glfwWindowFocusedNull уже определен в glfw3.lib(null_window.obj); второе определение пропущено
glfw3_mt.lib(null_window.obj) : warning LNK4006: _glfwWindowIconifiedNull уже определен в glfw3.lib(null_window.obj); второе определение пропущено
glfw3_mt.lib(null_window.obj) : warning LNK4006: _glfwWindowVisibleNull уже определен в glfw3.lib(null_window.obj); второе определение пропущено
glfw3_mt.lib(null_window.obj) : warning LNK4006: _glfwPollEventsNull уже определен в glfw3.lib(null_window.obj); второе определение пропущено
glfw3_mt.lib(null_window.obj) : warning LNK4006: _glfwWaitEventsNull уже определен в glfw3.lib(null_window.obj); второе определение пропущено
glfw3_mt.lib(null_window.obj) : warning LNK4006: _glfwWaitEventsTimeoutNull уже определен в glfw3.lib(null_window.obj); второе определение пропущено
glfw3_mt.lib(null_window.obj) : warning LNK4006: _glfwPostEmptyEventNull уже определен в glfw3.lib(null_window.obj); второе определение пропущено
glfw3_mt.lib(null_window.obj) : warning LNK4006: _glfwGetCursorPosNull уже определен в glfw3.lib(null_window.obj); второе определение пропущено
glfw3_mt.lib(null_window.obj) : warning LNK4006: _glfwSetCursorPosNull уже определен в glfw3.lib(null_window.obj); второе определение пропущено
glfw3_mt.lib(null_window.obj) : warning LNK4006: _glfwSetCursorModeNull уже определен в glfw3.lib(null_window.obj); второе определение пропущено
glfw3_mt.lib(null_window.obj) : warning LNK4006: _glfwCreateCursorNull уже определен в glfw3.lib(null_window.obj); второе определение пропущено
glfw3_mt.lib(null_window.obj) : warning LNK4006: _glfwCreateStandardCursorNull уже определен в glfw3.lib(null_window.obj); второе определение пропущено
glfw3_mt.lib(null_window.obj) : warning LNK4006: _glfwDestroyCursorNull уже определен в glfw3.lib(null_window.obj); второе определение пропущено
glfw3_mt.lib(null_window.obj) : warning LNK4006: _glfwSetCursorNull уже определен в glfw3.lib(null_window.obj); второе определение пропущено
glfw3_mt.lib(null_window.obj) : warning LNK4006: _glfwSetClipboardStringNull уже определен в glfw3.lib(null_window.obj); второе определение пропущено
glfw3_mt.lib(null_window.obj) : warning LNK4006: _glfwGetClipboardStringNull уже определен в glfw3.lib(null_window.obj); второе определение пропущено
glfw3_mt.lib(null_window.obj) : warning LNK4006: _glfwGetScancodeNameNull уже определен в glfw3.lib(null_window.obj); второе определение пропущено
glfw3_mt.lib(null_window.obj) : warning LNK4006: _glfwGetKeyScancodeNull уже определен в glfw3.lib(null_window.obj); второе определение пропущено
glfw3_mt.lib(null_window.obj) : warning LNK4006: _glfwGetEGLPlatformNull уже определен в glfw3.lib(null_window.obj); второе определение пропущено
glfw3_mt.lib(null_window.obj) : warning LNK4006: _glfwGetEGLNativeDisplayNull уже определен в glfw3.lib(null_window.obj); второе определение пропущено
glfw3_mt.lib(null_window.obj) : warning LNK4006: _glfwGetEGLNativeWindowNull уже определен в glfw3.lib(null_window.obj); второе определение пропущено
glfw3_mt.lib(null_window.obj) : warning LNK4006: _glfwGetRequiredInstanceExtensionsNull уже определен в glfw3.lib(null_window.obj); второе определение пропущено
glfw3_mt.lib(null_window.obj) : warning LNK4006: _glfwGetPhysicalDevicePresentationSupportNull уже определен в glfw3.lib(null_window.obj); второе определение пропущено
glfw3_mt.lib(null_window.obj) : warning LNK4006: _glfwCreateWindowSurfaceNull уже определен в glfw3.lib(null_window.obj); второе определение пропущено
glfw3_mt.lib(null_joystick.obj) : warning LNK4006: _glfwInitJoysticksNull уже определен в glfw3.lib(null_joystick.obj); второе определение пропущено
glfw3_mt.lib(null_joystick.obj) : warning LNK4006: _glfwTerminateJoysticksNull уже определен в glfw3.lib(null_joystick.obj); второе определение пропущено
glfw3_mt.lib(null_joystick.obj) : warning LNK4006: _glfwPollJoystickNull уже определен в glfw3.lib(null_joystick.obj); второе определение пропущено
glfw3_mt.lib(null_joystick.obj) : warning LNK4006: _glfwGetMappingNameNull уже определен в glfw3.lib(null_joystick.obj); второе определение пропущено
glfw3_mt.lib(null_joystick.obj) : warning LNK4006: _glfwUpdateGamepadGUIDNull уже определен в glfw3.lib(null_joystick.obj); второе определение пропущено
glfw3_mt.lib(win32_module.obj) : warning LNK4006: _glfwPlatformLoadModule уже определен в glfw3.lib(win32_module.obj); второе определение пропущено
glfw3_mt.lib(win32_module.obj) : warning LNK4006: _glfwPlatformFreeModule уже определен в glfw3.lib(win32_module.obj); второе определение пропущено
glfw3_mt.lib(win32_module.obj) : warning LNK4006: _glfwPlatformGetModuleSymbol уже определен в glfw3.lib(win32_module.obj); второе определение пропущено
glfw3_mt.lib(win32_time.obj) : warning LNK4006: _glfwPlatformInitTimer уже определен в glfw3.lib(win32_time.obj); второе определение пропущено
glfw3_mt.lib(win32_time.obj) : warning LNK4006: _glfwPlatformGetTimerValue уже определен в glfw3.lib(win32_time.obj); второе определение пропущено
glfw3_mt.lib(win32_time.obj) : warning LNK4006: _glfwPlatformGetTimerFrequency уже определен в glfw3.lib(win32_time.obj); второе определение пропущено
glfw3_mt.lib(win32_thread.obj) : warning LNK4006: _glfwPlatformCreateTls уже определен в glfw3.lib(win32_thread.obj); второе определение пропущено
glfw3_mt.lib(win32_thread.obj) : warning LNK4006: _glfwPlatformDestroyTls уже определен в glfw3.lib(win32_thread.obj); второе определение пропущено
glfw3_mt.lib(win32_thread.obj) : warning LNK4006: _glfwPlatformGetTls уже определен в glfw3.lib(win32_thread.obj); второе определение пропущено
glfw3_mt.lib(win32_thread.obj) : warning LNK4006: _glfwPlatformSetTls уже определен в glfw3.lib(win32_thread.obj); второе определение пропущено
glfw3_mt.lib(win32_thread.obj) : warning LNK4006: _glfwPlatformCreateMutex уже определен в glfw3.lib(win32_thread.obj); второе определение пропущено
glfw3_mt.lib(win32_thread.obj) : warning LNK4006: _glfwPlatformDestroyMutex уже определен в glfw3.lib(win32_thread.obj); второе определение пропущено
glfw3_mt.lib(win32_thread.obj) : warning LNK4006: _glfwPlatformLockMutex уже определен в glfw3.lib(win32_thread.obj); второе определение пропущено
glfw3_mt.lib(win32_thread.obj) : warning LNK4006: _glfwPlatformUnlockMutex уже определен в glfw3.lib(win32_thread.obj); второе определение пропущено
glfw3_mt.lib(win32_init.obj) : warning LNK4006: _glfwConnectWin32 уже определен в glfw3.lib(win32_init.obj); второе определение пропущено
glfw3_mt.lib(win32_init.obj) : warning LNK4006: _glfwInitWin32 уже определен в glfw3.lib(win32_init.obj); второе определение пропущено
glfw3_mt.lib(win32_init.obj) : warning LNK4006: _glfwTerminateWin32 уже определен в glfw3.lib(win32_init.obj); второе определение пропущено
glfw3_mt.lib(win32_init.obj) : warning LNK4006: _glfwCreateWideStringFromUTF8Win32 уже определен в glfw3.lib(win32_init.obj); второе определение пропущено
glfw3_mt.lib(win32_init.obj) : warning LNK4006: _glfwCreateUTF8FromWideStringWin32 уже определен в glfw3.lib(win32_init.obj); второе определение пропущено
glfw3_mt.lib(win32_init.obj) : warning LNK4006: _glfwIsWindowsVersionOrGreaterWin32 уже определен в glfw3.lib(win32_init.obj); второе определение пропущено
glfw3_mt.lib(win32_init.obj) : warning LNK4006: _glfwIsWindows10BuildOrGreaterWin32 уже определен в glfw3.lib(win32_init.obj); второе определение пропущено
glfw3_mt.lib(win32_init.obj) : warning LNK4006: _glfwInputErrorWin32 уже определен в glfw3.lib(win32_init.obj); второе определение пропущено
glfw3_mt.lib(win32_init.obj) : warning LNK4006: _glfwUpdateKeyNamesWin32 уже определен в glfw3.lib(win32_init.obj); второе определение пропущено
glfw3_mt.lib(win32_joystick.obj) : warning LNK4006: _glfwInitJoysticksWin32 уже определен в glfw3.lib(win32_joystick.obj); второе определение пропущено
glfw3_mt.lib(win32_joystick.obj) : warning LNK4006: _glfwTerminateJoysticksWin32 уже определен в glfw3.lib(win32_joystick.obj); второе определение пропущено
glfw3_mt.lib(win32_joystick.obj) : warning LNK4006: _glfwPollJoystickWin32 уже определен в glfw3.lib(win32_joystick.obj); второе определение пропущено
glfw3_mt.lib(win32_joystick.obj) : warning LNK4006: _glfwGetMappingNameWin32 уже определен в glfw3.lib(win32_joystick.obj); второе определение пропущено
glfw3_mt.lib(win32_joystick.obj) : warning LNK4006: _glfwUpdateGamepadGUIDWin32 уже определен в glfw3.lib(win32_joystick.obj); второе определение пропущено
glfw3_mt.lib(win32_joystick.obj) : warning LNK4006: _glfwDetectJoystickConnectionWin32 уже определен в glfw3.lib(win32_joystick.obj); второе определение пропущено
glfw3_mt.lib(win32_joystick.obj) : warning LNK4006: _glfwDetectJoystickDisconnectionWin32 уже определен в glfw3.lib(win32_joystick.obj); второе определение пропущено
glfw3_mt.lib(win32_monitor.obj) : warning LNK4006: _glfwPollMonitorsWin32 уже определен в glfw3.lib(win32_monitor.obj); второе определение пропущено
glfw3_mt.lib(win32_monitor.obj) : warning LNK4006: _glfwSetVideoModeWin32 уже определен в glfw3.lib(win32_monitor.obj); второе определение пропущено
glfw3_mt.lib(win32_monitor.obj) : warning LNK4006: _glfwRestoreVideoModeWin32 уже определен в glfw3.lib(win32_monitor.obj); второе определение пропущено
glfw3_mt.lib(win32_monitor.obj) : warning LNK4006: _glfwGetHMONITORContentScaleWin32 уже определен в glfw3.lib(win32_monitor.obj); второе определение пропущено
glfw3_mt.lib(win32_monitor.obj) : warning LNK4006: _glfwFreeMonitorWin32 уже определен в glfw3.lib(win32_monitor.obj); второе определение пропущено
glfw3_mt.lib(win32_monitor.obj) : warning LNK4006: _glfwGetMonitorPosWin32 уже определен в glfw3.lib(win32_monitor.obj); второе определение пропущено
glfw3_mt.lib(win32_monitor.obj) : warning LNK4006: _glfwGetMonitorContentScaleWin32 уже определен в glfw3.lib(win32_monitor.obj); второе определение пропущено
glfw3_mt.lib(win32_monitor.obj) : warning LNK4006: _glfwGetMonitorWorkareaWin32 уже определен в glfw3.lib(win32_monitor.obj); второе определение пропущено
glfw3_mt.lib(win32_monitor.obj) : warning LNK4006: _glfwGetVideoModesWin32 уже определен в glfw3.lib(win32_monitor.obj); второе определение пропущено
glfw3_mt.lib(win32_monitor.obj) : warning LNK4006: _glfwGetVideoModeWin32 уже определен в glfw3.lib(win32_monitor.obj); второе определение пропущено
glfw3_mt.lib(win32_monitor.obj) : warning LNK4006: _glfwGetGammaRampWin32 уже определен в glfw3.lib(win32_monitor.obj); второе определение пропущено
glfw3_mt.lib(win32_monitor.obj) : warning LNK4006: _glfwSetGammaRampWin32 уже определен в glfw3.lib(win32_monitor.obj); второе определение пропущено
glfw3_mt.lib(win32_monitor.obj) : warning LNK4006: glfwGetWin32Adapter уже определен в glfw3.lib(win32_monitor.obj); второе определение пропущено
glfw3_mt.lib(win32_monitor.obj) : warning LNK4006: glfwGetWin32Monitor уже определен в glfw3.lib(win32_monitor.obj); второе определение пропущено
glfw3_mt.lib(win32_window.obj) : warning LNK4006: _glfwCreateWindowWin32 уже определен в glfw3.lib(win32_window.obj); второе определение пропущено
glfw3_mt.lib(win32_window.obj) : warning LNK4006: _glfwDestroyWindowWin32 уже определен в glfw3.lib(win32_window.obj); второе определение пропущено
glfw3_mt.lib(win32_window.obj) : warning LNK4006: _glfwSetWindowTitleWin32 уже определен в glfw3.lib(win32_window.obj); второе определение пропущено
glfw3_mt.lib(win32_window.obj) : warning LNK4006: _glfwSetWindowIconWin32 уже определен в glfw3.lib(win32_window.obj); второе определение пропущено
glfw3_mt.lib(win32_window.obj) : warning LNK4006: _glfwGetWindowPosWin32 уже определен в glfw3.lib(win32_window.obj); второе определение пропущено
glfw3_mt.lib(win32_window.obj) : warning LNK4006: _glfwSetWindowPosWin32 уже определен в glfw3.lib(win32_window.obj); второе определение пропущено
glfw3_mt.lib(win32_window.obj) : warning LNK4006: _glfwGetWindowSizeWin32 уже определен в glfw3.lib(win32_window.obj); второе определение пропущено
glfw3_mt.lib(win32_window.obj) : warning LNK4006: _glfwSetWindowSizeWin32 уже определен в glfw3.lib(win32_window.obj); второе определение пропущено
glfw3_mt.lib(win32_window.obj) : warning LNK4006: _glfwSetWindowSizeLimitsWin32 уже определен в glfw3.lib(win32_window.obj); второе определение пропущено
glfw3_mt.lib(win32_window.obj) : warning LNK4006: _glfwSetWindowAspectRatioWin32 уже определен в glfw3.lib(win32_window.obj); второе определение пропущено
glfw3_mt.lib(win32_window.obj) : warning LNK4006: _glfwGetFramebufferSizeWin32 уже определен в glfw3.lib(win32_window.obj); второе определение пропущено
glfw3_mt.lib(win32_window.obj) : warning LNK4006: _glfwGetWindowFrameSizeWin32 уже определен в glfw3.lib(win32_window.obj); второе определение пропущено
glfw3_mt.lib(win32_window.obj) : warning LNK4006: _glfwGetWindowContentScaleWin32 уже определен в glfw3.lib(win32_window.obj); второе определение пропущено
glfw3_mt.lib(win32_window.obj) : warning LNK4006: _glfwIconifyWindowWin32 уже определен в glfw3.lib(win32_window.obj); второе определение пропущено
glfw3_mt.lib(win32_window.obj) : warning LNK4006: _glfwRestoreWindowWin32 уже определен в glfw3.lib(win32_window.obj); второе определение пропущено
glfw3_mt.lib(win32_window.obj) : warning LNK4006: _glfwMaximizeWindowWin32 уже определен в glfw3.lib(win32_window.obj); второе определение пропущено
glfw3_mt.lib(win32_window.obj) : warning LNK4006: _glfwShowWindowWin32 уже определен в glfw3.lib(win32_window.obj); второе определение пропущено
glfw3_mt.lib(win32_window.obj) : warning LNK4006: _glfwHideWindowWin32 уже определен в glfw3.lib(win32_window.obj); второе определение пропущено
glfw3_mt.lib(win32_window.obj) : warning LNK4006: _glfwRequestWindowAttentionWin32 уже определен в glfw3.lib(win32_window.obj); второе определение пропущено
glfw3_mt.lib(win32_window.obj) : warning LNK4006: _glfwFocusWindowWin32 уже определен в glfw3.lib(win32_window.obj); второе определение пропущено
glfw3_mt.lib(win32_window.obj) : warning LNK4006: _glfwSetWindowMonitorWin32 уже определен в glfw3.lib(win32_window.obj); второе определение пропущено
glfw3_mt.lib(win32_window.obj) : warning LNK4006: _glfwWindowFocusedWin32 уже определен в glfw3.lib(win32_window.obj); второе определение пропущено
glfw3_mt.lib(win32_window.obj) : warning LNK4006: _glfwWindowIconifiedWin32 уже определен в glfw3.lib(win32_window.obj); второе определение пропущено
glfw3_mt.lib(win32_window.obj) : warning LNK4006: _glfwWindowVisibleWin32 уже определен в glfw3.lib(win32_window.obj); второе определение пропущено
glfw3_mt.lib(win32_window.obj) : warning LNK4006: _glfwWindowMaximizedWin32 уже определен в glfw3.lib(win32_window.obj); второе определение пропущено
glfw3_mt.lib(win32_window.obj) : warning LNK4006: _glfwWindowHoveredWin32 уже определен в glfw3.lib(win32_window.obj); второе определение пропущено
glfw3_mt.lib(win32_window.obj) : warning LNK4006: _glfwFramebufferTransparentWin32 уже определен в glfw3.lib(win32_window.obj); второе определение пропущено
glfw3_mt.lib(win32_window.obj) : warning LNK4006: _glfwSetWindowResizableWin32 уже определен в glfw3.lib(win32_window.obj); второе определение пропущено
glfw3_mt.lib(win32_window.obj) : warning LNK4006: _glfwSetWindowDecoratedWin32 уже определен в glfw3.lib(win32_window.obj); второе определение пропущено
glfw3_mt.lib(win32_window.obj) : warning LNK4006: _glfwSetWindowFloatingWin32 уже определен в glfw3.lib(win32_window.obj); второе определение пропущено
glfw3_mt.lib(win32_window.obj) : warning LNK4006: _glfwSetWindowMousePassthroughWin32 уже определен в glfw3.lib(win32_window.obj); второе определение пропущено
glfw3_mt.lib(win32_window.obj) : warning LNK4006: _glfwGetWindowOpacityWin32 уже определен в glfw3.lib(win32_window.obj); второе определение пропущено
glfw3_mt.lib(win32_window.obj) : warning LNK4006: _glfwSetWindowOpacityWin32 уже определен в glfw3.lib(win32_window.obj); второе определение пропущено
glfw3_mt.lib(win32_window.obj) : warning LNK4006: _glfwSetRawMouseMotionWin32 уже определен в glfw3.lib(win32_window.obj); второе определение пропущено
glfw3_mt.lib(win32_window.obj) : warning LNK4006: _glfwRawMouseMotionSupportedWin32 уже определен в glfw3.lib(win32_window.obj); второе определение пропущено
glfw3_mt.lib(win32_window.obj) : warning LNK4006: _glfwPollEventsWin32 уже определен в glfw3.lib(win32_window.obj); второе определение пропущено
glfw3_mt.lib(win32_window.obj) : warning LNK4006: _glfwWaitEventsWin32 уже определен в glfw3.lib(win32_window.obj); второе определение пропущено
glfw3_mt.lib(win32_window.obj) : warning LNK4006: _glfwWaitEventsTimeoutWin32 уже определен в glfw3.lib(win32_window.obj); второе определение пропущено
glfw3_mt.lib(win32_window.obj) : warning LNK4006: _glfwPostEmptyEventWin32 уже определен в glfw3.lib(win32_window.obj); второе определение пропущено
glfw3_mt.lib(win32_window.obj) : warning LNK4006: _glfwGetCursorPosWin32 уже определен в glfw3.lib(win32_window.obj); второе определение пропущено
glfw3_mt.lib(win32_window.obj) : warning LNK4006: _glfwSetCursorPosWin32 уже определен в glfw3.lib(win32_window.obj); второе определение пропущено
glfw3_mt.lib(win32_window.obj) : warning LNK4006: _glfwSetCursorModeWin32 уже определен в glfw3.lib(win32_window.obj); второе определение пропущено
glfw3_mt.lib(win32_window.obj) : warning LNK4006: _glfwGetScancodeNameWin32 уже определен в glfw3.lib(win32_window.obj); второе определение пропущено
glfw3_mt.lib(win32_window.obj) : warning LNK4006: _glfwGetKeyScancodeWin32 уже определен в glfw3.lib(win32_window.obj); второе определение пропущено
glfw3_mt.lib(win32_window.obj) : warning LNK4006: _glfwCreateCursorWin32 уже определен в glfw3.lib(win32_window.obj); второе определение пропущено
glfw3_mt.lib(win32_window.obj) : warning LNK4006: _glfwCreateStandardCursorWin32 уже определен в glfw3.lib(win32_window.obj); второе определение пропущено
glfw3_mt.lib(win32_window.obj) : warning LNK4006: _glfwDestroyCursorWin32 уже определен в glfw3.lib(win32_window.obj); второе определение пропущено
glfw3_mt.lib(win32_window.obj) : warning LNK4006: _glfwSetCursorWin32 уже определен в glfw3.lib(win32_window.obj); второе определение пропущено
glfw3_mt.lib(win32_window.obj) : warning LNK4006: _glfwSetClipboardStringWin32 уже определен в glfw3.lib(win32_window.obj); второе определение пропущено
glfw3_mt.lib(win32_window.obj) : warning LNK4006: _glfwGetClipboardStringWin32 уже определен в glfw3.lib(win32_window.obj); второе определение пропущено
glfw3_mt.lib(win32_window.obj) : warning LNK4006: _glfwGetEGLPlatformWin32 уже определен в glfw3.lib(win32_window.obj); второе определение пропущено
glfw3_mt.lib(win32_window.obj) : warning LNK4006: _glfwGetEGLNativeDisplayWin32 уже определен в glfw3.lib(win32_window.obj); второе определение пропущено
glfw3_mt.lib(win32_window.obj) : warning LNK4006: _glfwGetEGLNativeWindowWin32 уже определен в glfw3.lib(win32_window.obj); второе определение пропущено
glfw3_mt.lib(win32_window.obj) : warning LNK4006: _glfwGetRequiredInstanceExtensionsWin32 уже определен в glfw3.lib(win32_window.obj); второе определение пропущено
glfw3_mt.lib(win32_window.obj) : warning LNK4006: _glfwGetPhysicalDevicePresentationSupportWin32 уже определен в glfw3.lib(win32_window.obj); второе определение пропущено
glfw3_mt.lib(win32_window.obj) : warning LNK4006: _glfwCreateWindowSurfaceWin32 уже определен в glfw3.lib(win32_window.obj); второе определение пропущено
glfw3_mt.lib(win32_window.obj) : warning LNK4006: glfwGetWin32Window уже определен в glfw3.lib(win32_window.obj); второе определение пропущено
glfw3_mt.lib(wgl_context.obj) : warning LNK4006: _glfwInitWGL уже определен в glfw3.lib(wgl_context.obj); второе определение пропущено
glfw3_mt.lib(wgl_context.obj) : warning LNK4006: _glfwTerminateWGL уже определен в glfw3.lib(wgl_context.obj); второе определение пропущено
glfw3_mt.lib(wgl_context.obj) : warning LNK4006: _glfwCreateContextWGL уже определен в glfw3.lib(wgl_context.obj); второе определение пропущено
glfw3_mt.lib(wgl_context.obj) : warning LNK4006: glfwGetWGLContext уже определен в glfw3.lib(wgl_context.obj); второе определение пропущено
  NullcoreEngine.vcxproj -> C:\Projects\NullcoreEngine\x64\Debug\NullcoreEngine.lib
